2018/07/24 06:43:34 [INFO] Created default configuration file at /etc/hyperledger/fabric-ca/fabric-ca-server-config.yaml
2018/07/24 06:43:34 [INFO] Server Version: 1.2.0-stable
2018/07/24 06:43:34 [INFO] Server Levels: &{Identity:1 Affiliation:1 Certificate:1 Credential:1 RAInfo:1 Nonce:1}
2018/07/24 06:43:34 [DEBUG] Making server filenames absolute
2018/07/24 06:43:34 [DEBUG] Initializing default CA in directory /etc/hyperledger/fabric-ca
2018/07/24 06:43:34 [DEBUG] Init CA with home /etc/hyperledger/fabric-ca and config {Version:1.2.0-stable Cfg:{Identities:{AllowRemove:false} Affiliations:{AllowRemove:false}} CA:{Name: Keyfile: Certfile:ca-cert.pem Chainfile:ca-chain.pem} Signing:0xc420421bc0 CSR:{CN:rca-org1 Names:[{C:US ST:North Carolina L: O:Hyperledger OU:Fabric SerialNumber:}] Hosts:[rca-org1] KeyRequest:<nil> CA:0xc420101e20 SerialNumber:} Registry:{MaxEnrollments:-1 Identities:[{ Name:**** Pass:**** Type:client Affiliation: MaxEnrollments:0 Attrs:map[hf.Revoker:1 hf.IntermediateCA:1 hf.GenCRL:1 hf.Registrar.Attributes:* hf.AffiliationMgr:1 hf.Registrar.Roles:* hf.Registrar.DelegateRoles:*]  }]} Affiliations:map[org1:[department1 department2] org2:[department1]] LDAP:{ Enabled:false URL:ldap://****:****@<host>:<port>/<base> UserFilter:(uid=%s) GroupFilter:(memberUid=%s) Attribute:{[uid member] [{ }] map[groups:[{ }]]} TLS:{false [] { }}  } DB:{ Type:sqlite3 Datasource:fabric-ca-server.db TLS:{false [] { }}  } CSP:0xc42047ee40 Client:<nil> Intermediate:{ParentServer:{ URL: CAName:  } TLS:{Enabled:false CertFiles:[] Client:{KeyFile: CertFile:}} Enrollment:{ Name: Secret:**** CAName: AttrReqs:[] Profile: Label: CSR:<nil> Type:x509  }} CRL:{Expiry:24h0m0s} Idemix:{IssuerPublicKeyfile: IssuerSecretKeyfile: RevocationPublicKeyfile: RevocationPrivateKeyfile: RHPoolSize:0 NonceExpiration: NonceSweepInterval:}}
2018/07/24 06:43:34 [DEBUG] CA Home Directory: /etc/hyperledger/fabric-ca
2018/07/24 06:43:34 [DEBUG] Checking configuration file version '1.2.0-stable' against server version: '1.2.0-stable'
2018/07/24 06:43:34 [DEBUG] Initializing BCCSP: &{ProviderName:SW SwOpts:0xc42047eea0 PluginOpts:<nil> Pkcs11Opts:<nil>}
2018/07/24 06:43:34 [DEBUG] Initializing BCCSP with software options &{SecLevel:256 HashFamily:SHA2 Ephemeral:false FileKeystore:0xc420420fc0 DummyKeystore:<nil>}
2018/07/24 06:43:34 [DEBUG] Initialize key material
2018/07/24 06:43:34 [DEBUG] Making CA filenames absolute
2018/07/24 06:43:34 [WARNING] &{69 The specified CA certificate file /etc/hyperledger/fabric-ca/ca-cert.pem does not exist}
2018/07/24 06:43:34 [DEBUG] Root CA certificate request: {CN:rca-org1 Names:[{C:US ST:North Carolina L: O:Hyperledger OU:Fabric SerialNumber:}] Hosts:[rca-org1] KeyRequest:0xc420419e00 CA:0xc420101e20 SerialNumber:}
2018/07/24 06:43:34 [INFO] generating key: &{A:ecdsa S:256}
2018/07/24 06:43:34 [DEBUG] generate key from request: algo=ecdsa, size=256
2018/07/24 06:43:34 [INFO] encoded CSR
2018/07/24 06:43:34 [DEBUG] validating configuration
2018/07/24 06:43:34 [DEBUG] validate local profile
2018/07/24 06:43:34 [DEBUG] profile is valid
2018/07/24 06:43:34 [INFO] signed certificate with serial number 202368429625152765746318991926060199969000016862
2018/07/24 06:43:34 [INFO] The CA key and certificate were generated for CA 
2018/07/24 06:43:34 [INFO] The key was stored by BCCSP provider 'SW'
2018/07/24 06:43:34 [INFO] The certificate is at: /etc/hyperledger/fabric-ca/ca-cert.pem
2018/07/24 06:43:34 [DEBUG] Initializing DB
2018/07/24 06:43:34 [DEBUG] Initializing 'sqlite3' database at '/etc/hyperledger/fabric-ca/fabric-ca-server.db'
2018/07/24 06:43:34 [DEBUG] Using sqlite database, connect to database in home (/etc/hyperledger/fabric-ca/fabric-ca-server.db) directory
2018/07/24 06:43:34 [DEBUG] Creating SQLite database (/etc/hyperledger/fabric-ca/fabric-ca-server.db) if it does not exist...
2018/07/24 06:43:34 [DEBUG] Creating users table if it does not exist
2018/07/24 06:43:34 [DEBUG] Creating affiliations table if it does not exist
2018/07/24 06:43:34 [DEBUG] Creating certificates table if it does not exist
2018/07/24 06:43:34 [DEBUG] Creating credentials table if it does not exist
2018/07/24 06:43:34 [DEBUG] Creating revocation_authority_info table if it does not exist
2018/07/24 06:43:34 [DEBUG] Creating nonces table if it does not exist
2018/07/24 06:43:34 [DEBUG] Creating properties table if it does not exist
2018/07/24 06:43:34 [DEBUG] Successfully opened sqlite3 DB
2018/07/24 06:43:34 [DEBUG] Checking database schema...
2018/07/24 06:43:34 [DEBUG] Update SQLite schema, if using outdated schema
2018/07/24 06:43:34 [DEBUG] Upgrade identities table
2018/07/24 06:43:34 [DEBUG] Creating users table if it does not exist
2018/07/24 06:43:34 [DEBUG] Upgrade affiliation table
2018/07/24 06:43:34 [DEBUG] Creating affiliations table if it does not exist
2018/07/24 06:43:34 [DEBUG] Upgrade certificates table
2018/07/24 06:43:34 [DEBUG] Creating certificates table if it does not exist
2018/07/24 06:43:34 [DEBUG] Initializing identity registry
2018/07/24 06:43:34 [DEBUG] Initialized DB identity registry
2018/07/24 06:43:34 [DEBUG] DB: Get properties [identity.level affiliation.level certificate.level]
2018/07/24 06:43:34 [DEBUG] Checking database levels 'map[affiliation.level:0 certificate.level:0 identity.level:0]' against server levels '&{Identity:1 Affiliation:1 Certificate:1 Credential:1 RAInfo:1 Nonce:1}'
2018/07/24 06:43:34 [DEBUG] Loading identity table
2018/07/24 06:43:34 [DEBUG] Loading identity 'rca-org1-admin'
2018/07/24 06:43:34 [DEBUG] DB: Getting identity rca-org1-admin
2018/07/24 06:43:34 [DEBUG] Max enrollment value verification - User specified max enrollment: 0, CA max enrollment: -1
2018/07/24 06:43:34 [DEBUG] DB: Add identity rca-org1-admin
2018/07/24 06:43:35 [DEBUG] Successfully added identity rca-org1-admin to the database
2018/07/24 06:43:35 [DEBUG] Registered identity: { Name:**** Pass:**** Type:client Affiliation: MaxEnrollments:-1 Attrs:map[hf.Revoker:1 hf.IntermediateCA:1 hf.GenCRL:1 hf.Registrar.Attributes:* hf.AffiliationMgr:1 hf.Registrar.Roles:* hf.Registrar.DelegateRoles:*]  }
2018/07/24 06:43:35 [DEBUG] Successfully loaded identity table
2018/07/24 06:43:35 [DEBUG] Loading affiliations table
2018/07/24 06:43:35 [DEBUG] DB: Add affiliation org1
2018/07/24 06:43:35 [DEBUG] Affiliation 'org1' added
2018/07/24 06:43:35 [DEBUG] DB: Add affiliation org1.department1
2018/07/24 06:43:35 [DEBUG] Affiliation 'org1.department1' added
2018/07/24 06:43:35 [DEBUG] DB: Add affiliation org1.department2
2018/07/24 06:43:35 [DEBUG] Affiliation 'org1.department2' added
2018/07/24 06:43:35 [DEBUG] DB: Add affiliation org2
2018/07/24 06:43:35 [DEBUG] Affiliation 'org2' added
2018/07/24 06:43:35 [DEBUG] DB: Add affiliation org2.department1
2018/07/24 06:43:35 [DEBUG] Affiliation 'org2.department1' added
2018/07/24 06:43:35 [DEBUG] Successfully loaded affiliations table
2018/07/24 06:43:35 [DEBUG] Checking and performing migration, if needed
2018/07/24 06:43:35 [DEBUG] Updating database level to &{Identity:1 Affiliation:1 Certificate:1 Credential:1 RAInfo:1 Nonce:1}
2018/07/24 06:43:35 [INFO] Initialized sqlite3 database at /etc/hyperledger/fabric-ca/fabric-ca-server.db
2018/07/24 06:43:35 [DEBUG] Initializing enrollment signer
2018/07/24 06:43:35 [DEBUG] validating configuration
2018/07/24 06:43:35 [DEBUG] validate local profile
2018/07/24 06:43:35 [DEBUG] profile is valid
2018/07/24 06:43:35 [DEBUG] validate local profile
2018/07/24 06:43:35 [DEBUG] profile is valid
2018/07/24 06:43:35 [DEBUG] validate local profile
2018/07/24 06:43:35 [DEBUG] profile is valid
2018/07/24 06:43:35 [DEBUG] CA initialization successful
2018/07/24 06:43:35 [INFO] The issuer key was successfully stored. The public key is at: /etc/hyperledger/fabric-ca/IssuerPublicKey, secret key is at: /etc/hyperledger/fabric-ca/msp/keystore/IssuerSecretKey
2018/07/24 06:43:35 [INFO] The revocation key was successfully stored. The public key is at: /etc/hyperledger/fabric-ca/IssuerRevocationPublicKey, private key is at: /etc/hyperledger/fabric-ca/msp/keystore/IssuerRevocationPrivateKey
2018/07/24 06:43:35 [INFO] Home directory for default CA: /etc/hyperledger/fabric-ca
2018/07/24 06:43:35 [DEBUG] Closing server DBs
2018/07/24 06:43:35 [INFO] Initialization was successful
2018/07/24 06:43:35 [INFO] Configuration file location: /etc/hyperledger/fabric-ca/fabric-ca-server-config.yaml
2018/07/24 06:43:35 [INFO] Starting server in home directory: /etc/hyperledger/fabric-ca
2018/07/24 06:43:35 [INFO] Server Version: 1.2.0-stable
2018/07/24 06:43:35 [INFO] Server Levels: &{Identity:1 Affiliation:1 Certificate:1 Credential:1 RAInfo:1 Nonce:1}
2018/07/24 06:43:35 [DEBUG] Making server filenames absolute
2018/07/24 06:43:35 [DEBUG] Initializing default CA in directory /etc/hyperledger/fabric-ca
2018/07/24 06:43:35 [DEBUG] Init CA with home /etc/hyperledger/fabric-ca and config {Version:1.2.0-stable Cfg:{Identities:{AllowRemove:false} Affiliations:{AllowRemove:false}} CA:{Name: Keyfile: Certfile:ca-cert.pem Chainfile:ca-chain.pem} Signing:0xc42059f010 CSR:{CN:rca-org1 Names:[{C:US ST:North Carolina L: O:Hyperledger OU:Fabric SerialNumber:}] Hosts:[rca-org1] KeyRequest:<nil> CA:0xc4205a4160 SerialNumber:} Registry:{MaxEnrollments:-1 Identities:[{ Name:**** Pass:**** Type:client Affiliation: MaxEnrollments:0 Attrs:map[hf.AffiliationMgr:1 hf.Registrar.Roles:* hf.Registrar.DelegateRoles:* hf.Revoker:1 hf.IntermediateCA:1 hf.GenCRL:1 hf.Registrar.Attributes:*]  }]} Affiliations:map[org1:[department1 department2] org2:[department1] org0:[]] LDAP:{ Enabled:false URL:ldap://****:****@<host>:<port>/<base> UserFilter:(uid=%s) GroupFilter:(memberUid=%s) Attribute:{[uid member] [{ }] map[groups:[{ }]]} TLS:{false [] { }}  } DB:{ Type:sqlite3 Datasource:fabric-ca-server.db TLS:{false [] { }}  } CSP:0xc42057b080 Client:<nil> Intermediate:{ParentServer:{ URL: CAName:  } TLS:{Enabled:false CertFiles:[] Client:{KeyFile: CertFile:}} Enrollment:{ Name: Secret:**** CAName: AttrReqs:[] Profile: Label: CSR:<nil> Type:x509  }} CRL:{Expiry:24h0m0s} Idemix:{IssuerPublicKeyfile: IssuerSecretKeyfile: RevocationPublicKeyfile: RevocationPrivateKeyfile: RHPoolSize:0 NonceExpiration: NonceSweepInterval:}}
2018/07/24 06:43:35 [DEBUG] CA Home Directory: /etc/hyperledger/fabric-ca
2018/07/24 06:43:35 [DEBUG] Checking configuration file version '1.2.0-stable' against server version: '1.2.0-stable'
2018/07/24 06:43:35 [DEBUG] Initializing BCCSP: &{ProviderName:SW SwOpts:0xc42057b0e0 PluginOpts:<nil> Pkcs11Opts:<nil>}
2018/07/24 06:43:35 [DEBUG] Initializing BCCSP with software options &{SecLevel:256 HashFamily:SHA2 Ephemeral:false FileKeystore:0xc4205b1440 DummyKeystore:<nil>}
2018/07/24 06:43:35 [DEBUG] Initialize key material
2018/07/24 06:43:35 [DEBUG] Making CA filenames absolute
2018/07/24 06:43:35 [INFO] The CA key and certificate already exist
2018/07/24 06:43:35 [INFO] The key is stored by BCCSP provider 'SW'
2018/07/24 06:43:35 [INFO] The certificate is at: /etc/hyperledger/fabric-ca/ca-cert.pem
2018/07/24 06:43:35 [DEBUG] Loading CN from existing enrollment information
2018/07/24 06:43:35 [DEBUG] Initializing DB
2018/07/24 06:43:35 [DEBUG] Initializing 'sqlite3' database at '/etc/hyperledger/fabric-ca/fabric-ca-server.db'
2018/07/24 06:43:35 [DEBUG] Using sqlite database, connect to database in home (/etc/hyperledger/fabric-ca/fabric-ca-server.db) directory
2018/07/24 06:43:35 [DEBUG] Creating SQLite database (/etc/hyperledger/fabric-ca/fabric-ca-server.db) if it does not exist...
2018/07/24 06:43:35 [DEBUG] Creating users table if it does not exist
2018/07/24 06:43:35 [DEBUG] Creating affiliations table if it does not exist
2018/07/24 06:43:35 [DEBUG] Creating certificates table if it does not exist
2018/07/24 06:43:35 [DEBUG] Creating credentials table if it does not exist
2018/07/24 06:43:35 [DEBUG] Creating revocation_authority_info table if it does not exist
2018/07/24 06:43:35 [DEBUG] Creating nonces table if it does not exist
2018/07/24 06:43:35 [DEBUG] Creating properties table if it does not exist
2018/07/24 06:43:35 [DEBUG] Successfully opened sqlite3 DB
2018/07/24 06:43:35 [DEBUG] Checking database schema...
2018/07/24 06:43:35 [DEBUG] Update SQLite schema, if using outdated schema
2018/07/24 06:43:35 [DEBUG] Initializing identity registry
2018/07/24 06:43:35 [DEBUG] Initialized DB identity registry
2018/07/24 06:43:35 [DEBUG] DB: Get properties [identity.level affiliation.level certificate.level]
2018/07/24 06:43:35 [DEBUG] Checking database levels 'map[affiliation.level:1 certificate.level:1 identity.level:1]' against server levels '&{Identity:1 Affiliation:1 Certificate:1 Credential:1 RAInfo:1 Nonce:1}'
2018/07/24 06:43:35 [DEBUG] Loading identity table
2018/07/24 06:43:35 [DEBUG] Loading identity 'rca-org1-admin'
2018/07/24 06:43:35 [DEBUG] DB: Getting identity rca-org1-admin
2018/07/24 06:43:35 [DEBUG] Identity 'rca-org1-admin' already registered, loaded identity
2018/07/24 06:43:35 [DEBUG] Successfully loaded identity table
2018/07/24 06:43:35 [DEBUG] Loading affiliations table
2018/07/24 06:43:35 [DEBUG] DB: Add affiliation org1
2018/07/24 06:43:35 [DEBUG] Affiliation 'org1' already exists
2018/07/24 06:43:35 [DEBUG] DB: Add affiliation org1.department1
2018/07/24 06:43:35 [DEBUG] Affiliation 'org1.department1' already exists
2018/07/24 06:43:35 [DEBUG] DB: Add affiliation org1.department2
2018/07/24 06:43:35 [DEBUG] Affiliation 'org1.department2' already exists
2018/07/24 06:43:35 [DEBUG] DB: Add affiliation org2
2018/07/24 06:43:35 [DEBUG] Affiliation 'org2' already exists
2018/07/24 06:43:35 [DEBUG] DB: Add affiliation org2.department1
2018/07/24 06:43:35 [DEBUG] Affiliation 'org2.department1' already exists
2018/07/24 06:43:35 [DEBUG] DB: Add affiliation org0
2018/07/24 06:43:35 [DEBUG] Affiliation 'org0' added
2018/07/24 06:43:35 [DEBUG] Successfully loaded affiliations table
2018/07/24 06:43:35 [DEBUG] Checking and performing migration, if needed
2018/07/24 06:43:35 [DEBUG] Updating database level to &{Identity:1 Affiliation:1 Certificate:1 Credential:1 RAInfo:1 Nonce:1}
2018/07/24 06:43:35 [INFO] Initialized sqlite3 database at /etc/hyperledger/fabric-ca/fabric-ca-server.db
2018/07/24 06:43:35 [DEBUG] Initializing enrollment signer
2018/07/24 06:43:35 [DEBUG] validating configuration
2018/07/24 06:43:35 [DEBUG] validate local profile
2018/07/24 06:43:35 [DEBUG] profile is valid
2018/07/24 06:43:35 [DEBUG] validate local profile
2018/07/24 06:43:35 [DEBUG] profile is valid
2018/07/24 06:43:35 [DEBUG] validate local profile
2018/07/24 06:43:35 [DEBUG] profile is valid
2018/07/24 06:43:35 [DEBUG] CA initialization successful
2018/07/24 06:43:35 [INFO] Home directory for default CA: /etc/hyperledger/fabric-ca
2018/07/24 06:43:35 [DEBUG] 1 CA instance(s) running on server
2018/07/24 06:43:35 [DEBUG] TLS is enabled
2018/07/24 06:43:35 [DEBUG] TLS enabled but no certificate or key provided, automatically generate TLS credentials
2018/07/24 06:43:35 [DEBUG] TLS CSR: {CN:rca-org1 Names:[{C:US ST:North Carolina L: O:Hyperledger OU:Fabric SerialNumber:}] Hosts:[rca-org1] KeyRequest:<nil> CA:<nil> SerialNumber:}
2018/07/24 06:43:35 [DEBUG] GenCSR &{CN:rca-org1 Names:[{C:US ST:North Carolina L: O:Hyperledger OU:Fabric SerialNumber:}] Hosts:[rca-org1] KeyRequest:<nil> CA:<nil> SerialNumber:}
2018/07/24 06:43:35 [DEBUG] Initializing client with config: &{URL: MSPDir: TLS:{Enabled:false CertFiles:[] Client:{KeyFile: CertFile:}} Enrollment:{ Name: Secret:**** CAName: AttrReqs:[] Profile: Label: CSR:<nil> Type:  } CSR:{CN: Names:[] Hosts:[] KeyRequest:<nil> CA:<nil> SerialNumber:} ID:{Name: Type: Secret: MaxEnrollments:0 Affiliation: Attributes:[] CAName:} Revoke:{Name: Serial: AKI: Reason: CAName: GenCRL:false} CAInfo:{CAName:} CAName: CSP:0xc42057b080}
2018/07/24 06:43:35 [DEBUG] Initializing BCCSP: &{ProviderName:SW SwOpts:0xc42057b0e0 PluginOpts:<nil> Pkcs11Opts:<nil>}
2018/07/24 06:43:35 [DEBUG] Initializing BCCSP with software options &{SecLevel:256 HashFamily:SHA2 Ephemeral:false FileKeystore:0xc4205b1440 DummyKeystore:<nil>}
2018/07/24 06:43:35 [INFO] generating key: &{A:ecdsa S:256}
2018/07/24 06:43:35 [DEBUG] generate key from request: algo=ecdsa, size=256
2018/07/24 06:43:35 [INFO] encoded CSR
2018/07/24 06:43:35 [INFO] signed certificate with serial number 448940654925200902476911229844696855935052296505
2018/07/24 06:43:35 [DEBUG] DB: Insert Certificate
2018/07/24 06:43:35 [DEBUG] Saved serial number as hex 4ea331f94c2e243e709f08f4495f86f0b63a3139
2018/07/24 06:43:35 [DEBUG] saved certificate with serial number 448940654925200902476911229844696855935052296505
2018/07/24 06:43:35 [DEBUG] TLS Certificate: /etc/hyperledger/fabric-ca/tls-cert.pem, TLS Key: 
2018/07/24 06:43:35 [DEBUG] Client authentication type requested: noclientcert
2018/07/24 06:43:35 [INFO] Listening on https://0.0.0.0:7054
2018/07/24 06:43:40 http: TLS handshake error from 172.26.0.5:53150: EOF
2018/07/24 06:43:40 [DEBUG] Received request for /enroll
2018/07/24 06:43:40 [DEBUG] ca.Config: &{Version:1.2.0-stable Cfg:{Identities:{AllowRemove:false} Affiliations:{AllowRemove:false}} CA:{Name: Keyfile:/etc/hyperledger/fabric-ca/ca-key.pem Certfile:/etc/hyperledger/fabric-ca/ca-cert.pem Chainfile:/etc/hyperledger/fabric-ca/ca-chain.pem} Signing:0xc42059f010 CSR:{CN:rca-org1 Names:[{C:US ST:North Carolina L: O:Hyperledger OU:Fabric SerialNumber:}] Hosts:[rca-org1] KeyRequest:<nil> CA:0xc4205a4160 SerialNumber:} Registry:{MaxEnrollments:-1 Identities:[{ Name:**** Pass:**** Type:client Affiliation: MaxEnrollments:0 Attrs:map[hf.Registrar.Roles:* hf.Registrar.DelegateRoles:* hf.Revoker:1 hf.IntermediateCA:1 hf.GenCRL:1 hf.Registrar.Attributes:* hf.AffiliationMgr:1]  }]} Affiliations:map[org1:[department1 department2] org2:[department1] org0:[]] LDAP:{ Enabled:false URL:ldap://****:****@<host>:<port>/<base> UserFilter:(uid=%s) GroupFilter:(memberUid=%s) Attribute:{[uid member] [{ }] map[groups:[{ }]]} TLS:{false [] { }}  } DB:{ Type:sqlite3 Datasource:/etc/hyperledger/fabric-ca/fabric-ca-server.db TLS:{false [] { }}  } CSP:0xc42057b080 Client:<nil> Intermediate:{ParentServer:{ URL: CAName:  } TLS:{Enabled:false CertFiles:[] Client:{KeyFile: CertFile:}} Enrollment:{ Name: Secret:**** CAName: AttrReqs:[] Profile: Label: CSR:<nil> Type:x509  }} CRL:{Expiry:24h0m0s} Idemix:{IssuerPublicKeyfile:/etc/hyperledger/fabric-ca/IssuerPublicKey IssuerSecretKeyfile:/etc/hyperledger/fabric-ca/msp/keystore/IssuerSecretKey RevocationPublicKeyfile:/etc/hyperledger/fabric-ca/IssuerRevocationPublicKey RevocationPrivateKeyfile:/etc/hyperledger/fabric-ca/msp/keystore/IssuerRevocationPrivateKey RHPoolSize:1000 NonceExpiration:15s NonceSweepInterval:15m}}
2018/07/24 06:43:40 [DEBUG] DB: Getting identity rca-org1-admin
2018/07/24 06:43:40 [DEBUG] DB: Login user rca-org1-admin with max enrollments of -1 and state of 0
2018/07/24 06:43:40 [DEBUG] DB: identity rca-org1-admin successfully logged in
2018/07/24 06:43:40 [DEBUG] DB: Getting identity rca-org1-admin
2018/07/24 06:43:40 [DEBUG] Processing sign request: id=rca-org1-admin, CommonName=rca-org1-admin, Subject=<nil>
2018/07/24 06:43:40 [DEBUG] Request is for a CA signing certificate as set in profile 'ca'
2018/07/24 06:43:40 [DEBUG] getUserAttrValue identity=rca-org1-admin, attr=hf.IntermediateCA
2018/07/24 06:43:40 [DEBUG] DB: Getting identity rca-org1-admin
2018/07/24 06:43:40 [DEBUG] getUserAttrValue identity=rca-org1-admin, name=hf.IntermediateCA, value=&{hf.IntermediateCA 1 %!s(bool=false)}
2018/07/24 06:43:40 [DEBUG] Checking CSR fields to make sure that they do not exceed maximum character limits
2018/07/24 06:43:40 [DEBUG] Finished processing sign request
2018/07/24 06:43:40 [DEBUG] DB: Getting identity rca-org1-admin
2018/07/24 06:43:40 [INFO] signed certificate with serial number 598447815965398651567923521449232427363033240039
2018/07/24 06:43:40 [DEBUG] DB: Insert Certificate
2018/07/24 06:43:40 [DEBUG] Saved serial number as hex 68d3540352ba4c5367ead8ee1f2e1cf546b151e7
2018/07/24 06:43:40 [DEBUG] saved certificate with serial number 598447815965398651567923521449232427363033240039
2018/07/24 06:43:40 [DEBUG] Successfully incremented state for identity rca-org1-admin to 1
2018/07/24 06:43:40 [INFO] 172.26.0.5:53154 POST /enroll 201 0 "OK"
